Determining if the pthread_create exist failed with the following output:
Change Dir: /home/2ins2/ksadki01/Documents/synthese/build/CMakeFiles/CMakeTmp

Run Build Command:"/usr/bin/make" "cmTC_7adcc/fast"
/usr/bin/make -f CMakeFiles/cmTC_7adcc.dir/build.make CMakeFiles/cmTC_7adcc.dir/build
make[1] : on entre dans le répertoire « /home/2ins2/ksadki01/Documents/synthese/build/CMakeFiles/CMakeTmp »
Building C object CMakeFiles/cmTC_7adcc.dir/CheckSymbolExists.c.o
/usr/bin/cc     -o CMakeFiles/cmTC_7adcc.dir/CheckSymbolExists.c.o   -c /home/2ins2/ksadki01/Documents/synthese/build/CMakeFiles/CMakeTmp/CheckSymbolExists.c
Linking C executable cmTC_7adcc
/usr/bin/cmake -E cmake_link_script CMakeFiles/cmTC_7adcc.dir/link.txt --verbose=1
/usr/bin/cc       CMakeFiles/cmTC_7adcc.dir/CheckSymbolExists.c.o  -o cmTC_7adcc -rdynamic 
CMakeFiles/cmTC_7adcc.dir/CheckSymbolExists.c.o : Dans la fonction « main » :
CheckSymbolExists.c:(.text+0x1b) : référence indéfinie vers « pthread_create »
collect2: error: ld returned 1 exit status
CMakeFiles/cmTC_7adcc.dir/build.make:97 : la recette pour la cible « cmTC_7adcc » a échouée
make[1]: *** [cmTC_7adcc] Erreur 1
make[1] : on quitte le répertoire « /home/2ins2/ksadki01/Documents/synthese/build/CMakeFiles/CMakeTmp »
Makefile:126 : la recette pour la cible « cmTC_7adcc/fast » a échouée
make: *** [cmTC_7adcc/fast] Erreur 2

File /home/2ins2/ksadki01/Documents/synthese/build/CMakeFiles/CMakeTmp/CheckSymbolExists.c:
/* */
#include <pthread.h>

int main(int argc, char** argv)
{
  (void)argv;
#ifndef pthread_create
  return ((int*)(&pthread_create))[argc];
#else
  (void)argc;
  return 0;
#endif
}

Determining if the function pthread_create exists in the pthreads failed with the following output:
Change Dir: /home/2ins2/ksadki01/Documents/synthese/build/CMakeFiles/CMakeTmp

Run Build Command:"/usr/bin/make" "cmTC_79f84/fast"
/usr/bin/make -f CMakeFiles/cmTC_79f84.dir/build.make CMakeFiles/cmTC_79f84.dir/build
make[1] : on entre dans le répertoire « /home/2ins2/ksadki01/Documents/synthese/build/CMakeFiles/CMakeTmp »
Building C object CMakeFiles/cmTC_79f84.dir/CheckFunctionExists.c.o
/usr/bin/cc    -DCHECK_FUNCTION_EXISTS=pthread_create   -o CMakeFiles/cmTC_79f84.dir/CheckFunctionExists.c.o   -c /usr/share/cmake-3.7/Modules/CheckFunctionExists.c
Linking C executable cmTC_79f84
/usr/bin/cmake -E cmake_link_script CMakeFiles/cmTC_79f84.dir/link.txt --verbose=1
/usr/bin/cc   -DCHECK_FUNCTION_EXISTS=pthread_create    CMakeFiles/cmTC_79f84.dir/CheckFunctionExists.c.o  -o cmTC_79f84 -rdynamic -lpthreads 
/usr/bin/ld : ne peut trouver -lpthreads
collect2: error: ld returned 1 exit status
CMakeFiles/cmTC_79f84.dir/build.make:97 : la recette pour la cible « cmTC_79f84 » a échouée
make[1]: *** [cmTC_79f84] Erreur 1
make[1] : on quitte le répertoire « /home/2ins2/ksadki01/Documents/synthese/build/CMakeFiles/CMakeTmp »
Makefile:126 : la recette pour la cible « cmTC_79f84/fast » a échouée
make: *** [cmTC_79f84/fast] Erreur 2


